[debug] [2022-08-02T12:28:52.828Z] ----------------------------------------------------------------------
[debug] [2022-08-02T12:28:52.832Z] Command:       C:\Program Files\nodejs\node.exe C:\Users\USER\AppData\Roaming\npm\node_modules\firebase-tools\lib\bin\firebase.js deploy
[debug] [2022-08-02T12:28:52.832Z] CLI Version:   11.1.0
[debug] [2022-08-02T12:28:52.832Z] Platform:      win32
[debug] [2022-08-02T12:28:52.832Z] Node Version:  v16.13.2
[debug] [2022-08-02T12:28:52.841Z] Time:          Tue Aug 02 2022 17:58:52 GMT+0530 (India Standard Time)
[debug] [2022-08-02T12:28:52.842Z] ----------------------------------------------------------------------
[debug] 
[debug] [2022-08-02T12:28:52.853Z] >>> [apiv2][query] GET https://firebase-public.firebaseio.com/cli.json [none]
[debug] [2022-08-02T12:28:52.939Z] > command requires scopes: ["email","openid","https://www.googleapis.com/auth/cloudplatformprojects.readonly","https://www.googleapis.com/auth/firebase","https://www.googleapis.com/auth/cloud-platform"]
[debug] [2022-08-02T12:28:52.940Z] > authorizing via signed-in user (bhaswatasarkar1@gmail.com)
[debug] [2022-08-02T12:28:52.940Z] [iam] checking project twitter-clone-app-80 for permissions ["firebase.projects.get","firebasehosting.sites.update"]
[debug] [2022-08-02T12:28:52.941Z] > refreshing access token with scopes: []
[debug] [2022-08-02T12:28:52.942Z] >>> [apiv2][query] POST https://www.googleapis.com/oauth2/v3/token [none]
[debug] [2022-08-02T12:28:52.942Z] >>> [apiv2][body] POST https://www.googleapis.com/oauth2/v3/token [omitted]
[debug] [2022-08-02T12:28:53.259Z] <<< [apiv2][status] POST https://www.googleapis.com/oauth2/v3/token 200
[debug] [2022-08-02T12:28:53.260Z] <<< [apiv2][body] POST https://www.googleapis.com/oauth2/v3/token [omitted]
[debug] [2022-08-02T12:28:53.289Z] >>> [apiv2][query] POST https://cloudresourcemanager.googleapis.com/v1/projects/twitter-clone-app-80:testIamPermissions [none]
[debug] [2022-08-02T12:28:53.290Z] >>> [apiv2][body] POST https://cloudresourcemanager.googleapis.com/v1/projects/twitter-clone-app-80:testIamPermissions {"permissions":["firebase.projects.get","firebasehosting.sites.update"]}
[debug] [2022-08-02T12:28:53.644Z] <<< [apiv2][status] GET https://firebase-public.firebaseio.com/cli.json 200
[debug] [2022-08-02T12:28:53.644Z] <<< [apiv2][body] GET https://firebase-public.firebaseio.com/cli.json {"cloudBuildErrorAfter":1594252800000,"cloudBuildWarnAfter":1590019200000,"defaultNode10After":1594252800000,"minVersion":"3.0.5","node8DeploysDisabledAfter":1613390400000,"node8RuntimeDisabledAfter":1615809600000,"node8WarnAfter":1600128000000}
[debug] [2022-08-02T12:28:54.917Z] <<< [apiv2][status] POST https://cloudresourcemanager.googleapis.com/v1/projects/twitter-clone-app-80:testIamPermissions 200
[debug] [2022-08-02T12:28:54.917Z] <<< [apiv2][body] POST https://cloudresourcemanager.googleapis.com/v1/projects/twitter-clone-app-80:testIamPermissions {"permissions":["firebase.projects.get","firebasehosting.sites.update"]}
[debug] [2022-08-02T12:28:54.922Z] >>> [apiv2][query] GET https://firebase.googleapis.com/v1beta1/projects/twitter-clone-app-80 [none]
[debug] [2022-08-02T12:28:55.499Z] <<< [apiv2][status] GET https://firebase.googleapis.com/v1beta1/projects/twitter-clone-app-80 200
[debug] [2022-08-02T12:28:55.499Z] <<< [apiv2][body] GET https://firebase.googleapis.com/v1beta1/projects/twitter-clone-app-80 {"projectId":"twitter-clone-app-80","projectNumber":"514011465822","displayName":"twitter-clone-app","name":"projects/twitter-clone-app-80","resources":{"hostingSite":"twitter-clone-app-80","storageBucket":"twitter-clone-app-80.appspot.com","locationId":"us-central"},"state":"ACTIVE","etag":"1_9305e0dc-6577-4d63-8ed0-8c017967d2bd"}
[info] 
[info] === Deploying to 'twitter-clone-app-80'...
[info] 
[info] i  deploying hosting 
[debug] [2022-08-02T12:28:55.511Z] >>> [apiv2][query] GET https://firebase.googleapis.com/v1beta1/projects/twitter-clone-app-80 [none]
[debug] [2022-08-02T12:28:56.028Z] <<< [apiv2][status] GET https://firebase.googleapis.com/v1beta1/projects/twitter-clone-app-80 200
[debug] [2022-08-02T12:28:56.028Z] <<< [apiv2][body] GET https://firebase.googleapis.com/v1beta1/projects/twitter-clone-app-80 {"projectId":"twitter-clone-app-80","projectNumber":"514011465822","displayName":"twitter-clone-app","name":"projects/twitter-clone-app-80","resources":{"hostingSite":"twitter-clone-app-80","storageBucket":"twitter-clone-app-80.appspot.com","locationId":"us-central"},"state":"ACTIVE","etag":"1_9305e0dc-6577-4d63-8ed0-8c017967d2bd"}
[debug] [2022-08-02T12:28:56.036Z] >>> [apiv2][query] POST https://firebasehosting.googleapis.com/v1beta1/projects/514011465822/sites/twitter-clone-app-80/versions [none]
[debug] [2022-08-02T12:28:56.036Z] >>> [apiv2][body] POST https://firebasehosting.googleapis.com/v1beta1/projects/514011465822/sites/twitter-clone-app-80/versions {"config":{"rewrites":[{"glob":"**","path":"/index.html"}]},"labels":{"deployment-tool":"cli-firebase"}}
[debug] [2022-08-02T12:29:07.953Z] <<< [apiv2][status] POST https://firebasehosting.googleapis.com/v1beta1/projects/514011465822/sites/twitter-clone-app-80/versions 503
[debug] [2022-08-02T12:29:07.954Z] <<< [apiv2][body] POST https://firebasehosting.googleapis.com/v1beta1/projects/514011465822/sites/twitter-clone-app-80/versions {"error":{"code":503,"message":"The service is currently unavailable.","status":"UNAVAILABLE"}}
[error] 
[error] Error: HTTP Error: 503, The service is currently unavailable.
[debug] [2022-08-02T12:29:08.204Z] Error Context: {
  "body": {
    "error": {
      "code": 503,
      "message": "The service is currently unavailable.",
      "status": "UNAVAILABLE"
    }
  },
  "response": {
    "statusCode": 503
  }
}
